<?xml version="1.0" encoding="UTF-8"?>
<testng-results ignored="0" total="2" passed="2" failed="0" skipped="0">
  <reporter-output>
  </reporter-output>
  <suite started-at="2025-05-07T18:37:09 MDT" name="Default suite" finished-at="2025-05-07T18:37:25 MDT" duration-ms="16294">
    <groups>
      <group name="cucumber">
        <method signature="AbstractTestNGCucumberTests.runScenario(io.cucumber.testng.PickleWrapper,io.cucumber.testng.FeatureWrapper)[pri:0, instance:runner.RunTestNGTest@687e99d8]" name="runScenario" class="io.cucumber.testng.AbstractTestNGCucumberTests"/>
      </group> <!-- cucumber -->
    </groups>
    <test started-at="2025-05-07T18:37:09 MDT" name="Default test" finished-at="2025-05-07T18:37:25 MDT" duration-ms="16294">
      <class name="runner.RunTestNGTest">
        <test-method is-config="true" signature="setUpClass(org.testng.ITestContext)[pri:0, instance:runner.RunTestNGTest@687e99d8]" started-at="2025-05-07T18:37:09 MDT" name="setUpClass" finished-at="2025-05-07T18:37:09 MDT" duration-ms="500" status="PASS">
          <params>
            <param index="0">
              <value>
                <![CDATA[org.testng.TestRunner@367b22e5]]>
              </value>
            </param>
          </params>
          <reporter-output>
          </reporter-output>
        </test-method> <!-- setUpClass -->
        <test-method signature="runScenario(io.cucumber.testng.PickleWrapper,io.cucumber.testng.FeatureWrapper)[pri:0, instance:runner.RunTestNGTest@687e99d8]" started-at="2025-05-07T18:37:09 MDT" name="runScenario" description="Runs Cucumber Scenarios" data-provider="scenarios" finished-at="2025-05-07T18:37:17 MDT" duration-ms="7781" status="PASS">
          <params>
            <param index="0">
              <value>
                <![CDATA["Verify FB login with invalid test data"]]>
              </value>
            </param>
            <param index="1">
              <value>
                <![CDATA["facebook login"]]>
              </value>
            </param>
          </params>
          <reporter-output>
          </reporter-output>
        </test-method> <!-- runScenario -->
        <test-method signature="runScenario(io.cucumber.testng.PickleWrapper,io.cucumber.testng.FeatureWrapper)[pri:0, instance:runner.RunTestNGTest@687e99d8]" started-at="2025-05-07T18:37:17 MDT" name="runScenario" description="Runs Cucumber Scenarios" data-provider="scenarios" finished-at="2025-05-07T18:37:25 MDT" duration-ms="7951" status="PASS">
          <params>
            <param index="0">
              <value>
                <![CDATA["Verify FB login with valid test data"]]>
              </value>
            </param>
            <param index="1">
              <value>
                <![CDATA["facebook login"]]>
              </value>
            </param>
          </params>
          <reporter-output>
          </reporter-output>
        </test-method> <!-- runScenario -->
        <test-method is-config="true" signature="tearDownClass()[pri:0, instance:runner.RunTestNGTest@687e99d8]" started-at="2025-05-07T18:37:25 MDT" name="tearDownClass" finished-at="2025-05-07T18:37:25 MDT" duration-ms="17" status="PASS">
          <reporter-output>
          </reporter-output>
        </test-method> <!-- tearDownClass -->
      </class> <!-- runner.RunTestNGTest -->
    </test> <!-- Default test -->
  </suite> <!-- Default suite -->
</testng-results>
